<?xml version="1.0" encoding="UTF-8"?>
<testng-results total="2" passed="2" failed="0" skipped="0">
  <reporter-output>
  </reporter-output>
  <suite started-at="2020-09-18T11:39:21Z" name="org.jdiameter.client.impl.router.TestRouter" finished-at="2020-09-18T11:39:21Z" duration-ms="165">
    <groups>
    </groups>
    <test started-at="2020-09-18T11:39:21Z" name="Command line test" finished-at="2020-09-18T11:39:21Z" duration-ms="165">
      <class name="org.jdiameter.client.impl.router.TestRouter">
        <test-method signature="testWeightedLeastConnections()[pri:0, instance:org.jdiameter.client.impl.router.TestRouter@711f39f9]" started-at="2020-09-18T11:39:21Z" name="testWeightedLeastConnections" finished-at="2020-09-18T11:39:21Z" duration-ms="142" status="PASS">
        </test-method>
        <test-method signature="testWeightedRoundRobin()[pri:0, instance:org.jdiameter.client.impl.router.TestRouter@711f39f9]" started-at="2020-09-18T11:39:21Z" name="testWeightedRoundRobin" finished-at="2020-09-18T11:39:21Z" duration-ms="15" status="PASS">
        </test-method>
      </class>
    </test>
  </suite>
</testng-results>
